0 info it worked if it ends with ok
1 verbose cli [ '/home/andreas/.nvm/versions/node/v6.4.0/bin/node',
1 verbose cli   '/home/andreas/.nvm/versions/node/v6.4.0/bin/npm',
1 verbose cli   'run',
1 verbose cli   'generate-site' ]
2 info using npm@3.10.3
3 info using node@v6.4.0
4 verbose run-script [ 'pregenerate-site', 'generate-site', 'postgenerate-site' ]
5 info lifecycle unexpected-image@2.0.0~pregenerate-site: unexpected-image@2.0.0
6 silly lifecycle unexpected-image@2.0.0~pregenerate-site: no script for pregenerate-site, continuing
7 info lifecycle unexpected-image@2.0.0~generate-site: unexpected-image@2.0.0
8 verbose lifecycle unexpected-image@2.0.0~generate-site: unsafe-perm in lifecycle true
9 verbose lifecycle unexpected-image@2.0.0~generate-site: PATH: /home/andreas/.nvm/versions/node/v6.4.0/lib/node_modules/npm/bin/node-gyp-bin:/home/andreas/work/unexpected-image/node_modules/.bin:/home/andreas/.nvm/versions/node/v6.4.0/bin:/home/andreas/.nvm/versions/node/v6.4.0/lib/node_modules/npm/bin/node-gyp-bin:/home/andreas/work/unexpected-image/node_modules/.bin:/home/andreas/.nvm/versions/node/v6.4.0/bin:./node_modules/.bin/:/home/andreas/.local/bin:/home/andreas/.nvm/versions/node/v6.4.0/bin:/usr/local/sbin:/usr/local/bin:/usr/sbin:/usr/bin:/sbin:/bin:/usr/games:/usr/local/games
10 verbose lifecycle unexpected-image@2.0.0~generate-site: CWD: /home/andreas/work/unexpected-image
11 silly lifecycle unexpected-image@2.0.0~generate-site: Args: [ '-c',
11 silly lifecycle   'generate-site --require ./bootstrap-unexpected-markdown.js && cp magic-pen-6-colours.jpg site-build && cp magic-pen-6-colours.jpg site-build/assertions/string/to-have-metadata-satisfying/' ]
12 silly lifecycle unexpected-image@2.0.0~generate-site: Returned: code: 1  signal: null
13 info lifecycle unexpected-image@2.0.0~generate-site: Failed to exec generate-site script
14 verbose stack Error: unexpected-image@2.0.0 generate-site: `generate-site --require ./bootstrap-unexpected-markdown.js && cp magic-pen-6-colours.jpg site-build && cp magic-pen-6-colours.jpg site-build/assertions/string/to-have-metadata-satisfying/`
14 verbose stack Exit status 1
14 verbose stack     at EventEmitter.<anonymous> (/home/andreas/.nvm/versions/node/v6.4.0/lib/node_modules/npm/lib/utils/lifecycle.js:242:16)
14 verbose stack     at emitTwo (events.js:106:13)
14 verbose stack     at EventEmitter.emit (events.js:191:7)
14 verbose stack     at ChildProcess.<anonymous> (/home/andreas/.nvm/versions/node/v6.4.0/lib/node_modules/npm/lib/utils/spawn.js:40:14)
14 verbose stack     at emitTwo (events.js:106:13)
14 verbose stack     at ChildProcess.emit (events.js:191:7)
14 verbose stack     at maybeClose (internal/child_process.js:852:16)
14 verbose stack     at Process.ChildProcess._handle.onexit (internal/child_process.js:215:5)
15 verbose pkgid unexpected-image@2.0.0
16 verbose cwd /home/andreas/work/unexpected-image
17 error Linux 3.19.0-65-generic
18 error argv "/home/andreas/.nvm/versions/node/v6.4.0/bin/node" "/home/andreas/.nvm/versions/node/v6.4.0/bin/npm" "run" "generate-site"
19 error node v6.4.0
20 error npm  v3.10.3
21 error code ELIFECYCLE
22 error unexpected-image@2.0.0 generate-site: `generate-site --require ./bootstrap-unexpected-markdown.js && cp magic-pen-6-colours.jpg site-build && cp magic-pen-6-colours.jpg site-build/assertions/string/to-have-metadata-satisfying/`
22 error Exit status 1
23 error Failed at the unexpected-image@2.0.0 generate-site script 'generate-site --require ./bootstrap-unexpected-markdown.js && cp magic-pen-6-colours.jpg site-build && cp magic-pen-6-colours.jpg site-build/assertions/string/to-have-metadata-satisfying/'.
23 error Make sure you have the latest version of node.js and npm installed.
23 error If you do, this is most likely a problem with the unexpected-image package,
23 error not with npm itself.
23 error Tell the author that this fails on your system:
23 error     generate-site --require ./bootstrap-unexpected-markdown.js && cp magic-pen-6-colours.jpg site-build && cp magic-pen-6-colours.jpg site-build/assertions/string/to-have-metadata-satisfying/
23 error You can get information on how to open an issue for this project with:
23 error     npm bugs unexpected-image
23 error Or if that isn't available, you can get their info via:
23 error     npm owner ls unexpected-image
23 error There is likely additional logging output above.
24 verbose exit [ 1, true ]
